<?xml version="1.0" encoding="UTF-8"?>
<!-- Generated by org.testng.reporters.JUnitReportReporter -->
<testsuite hostname="DESKTOP-KC124AK" failures="0" tests="3" name="TestNGConcept.TestNGAnnotation" time="0.019" errors="0" timestamp="2025-04-20T12:35:05 IST" skipped="0">
  <testcase classname="TestNGConcept.TestNGAnnotation" name="test2" time="0.007"/>
  <system-out/>
  <testcase classname="TestNGConcept.TestNGAnnotation" name="test1" time="0.007"/>
  <system-out/>
  <testcase classname="TestNGConcept.TestNGAnnotation" name="test3" time="0.005"/>
  <system-out/>
</testsuite> <!-- TestNGConcept.TestNGAnnotation -->
