<?xml version="1.0" encoding="UTF-8"?>
<!-- Generated by org.testng.reporters.JUnitReportReporter -->
<testsuite hostname="DESKTOP-KC124AK" failures="0" tests="7" name="TestNGConcept.DependsOnMethodExample" time="0.072" errors="0" timestamp="2025-04-20T12:35:05 IST" skipped="0">
  <testcase classname="TestNGConcept.DependsOnMethodExample" name="payment" time="0.010"/>
  <system-out/>
  <testcase classname="TestNGConcept.DependsOnMethodExample" name="login" time="0.004"/>
  <system-out/>
  <testcase classname="TestNGConcept.DependsOnMethodExample" name="addProduct" time="0.008"/>
  <system-out/>
  <testcase classname="TestNGConcept.DependsOnMethodExample" name="homePage" time="0.003"/>
  <system-out/>
  <testcase classname="TestNGConcept.DependsOnMethodExample" name="logout" time="0.013"/>
  <system-out/>
  <testcase classname="TestNGConcept.DependsOnMethodExample" name="shipping" time="0.012"/>
  <system-out/>
  <testcase classname="TestNGConcept.DependsOnMethodExample" name="registerAccount" time="0.022"/>
  <system-out/>
</testsuite> <!-- TestNGConcept.DependsOnMethodExample -->
