<?xml version="1.0" encoding="UTF-8"?>
<!-- Generated by org.testng.reporters.JUnitReportReporter -->
<testsuite hostname="DESKTOP-KC124AK" failures="0" tests="4" name="GroupTest.GroupsTestInTestNG" time="0.037" errors="0" timestamp="2025-04-27T14:02:25 IST" skipped="0">
  <testcase classname="GroupTest.GroupsTestInTestNG" name="sanity" time="0.002"/>
  <system-out/>
  <testcase classname="GroupTest.GroupsTestInTestNG" name="endToEnd" time="0.029"/>
  <system-out/>
  <testcase classname="GroupTest.GroupsTestInTestNG" name="regression" time="0.003"/>
  <system-out/>
  <testcase classname="GroupTest.GroupsTestInTestNG" name="smoke" time="0.003"/>
  <system-out/>
</testsuite> <!-- GroupTest.GroupsTestInTestNG -->
