<?xml version="1.0" encoding="UTF-8"?>
<!-- Generated by org.testng.reporters.JUnitReportReporter -->
<testsuite hostname="DESKTOP-KC124AK" failures="0" tests="8" name="TestNGConcept.TestNGPriority" time="0.051" errors="0" timestamp="2025-04-20T12:35:05 IST" skipped="0">
  <testcase classname="TestNGConcept.TestNGPriority" name="test7" time="0.003"/>
  <system-out/>
  <testcase classname="TestNGConcept.TestNGPriority" name="test6" time="0.008"/>
  <system-out/>
  <testcase classname="TestNGConcept.TestNGPriority" name="test5" time="0.011"/>
  <system-out/>
  <testcase classname="TestNGConcept.TestNGPriority" name="test8" time="0.004"/>
  <system-out/>
  <testcase classname="TestNGConcept.TestNGPriority" name="test1" time="0.006"/>
  <system-out/>
  <testcase classname="TestNGConcept.TestNGPriority" name="test2" time="0.003"/>
  <system-out/>
  <testcase classname="TestNGConcept.TestNGPriority" name="test3" time="0.002"/>
  <system-out/>
  <testcase classname="TestNGConcept.TestNGPriority" name="test4" time="0.014"/>
  <system-out/>
</testsuite> <!-- TestNGConcept.TestNGPriority -->
