<?xml version="1.0" encoding="UTF-8"?>
<!-- Generated by org.testng.reporters.JUnitReportReporter -->
<testsuite hostname="DESKTOP-KC124AK" failures="0" tests="3" name="DataDriventesting.FaceBookDataProvider" time="27.590" errors="0" timestamp="2025-04-27T13:32:59 IST" skipped="0">
  <testcase classname="DataDriventesting.FaceBookDataProvider" name="createNewAccount" time="8.431"/>
  <system-out/>
  <testcase classname="DataDriventesting.FaceBookDataProvider" name="createNewAccount" time="9.038"/>
  <system-out/>
  <testcase classname="DataDriventesting.FaceBookDataProvider" name="createNewAccount" time="10.121"/>
  <system-out/>
</testsuite> <!-- DataDriventesting.FaceBookDataProvider -->
